TN:
SF:src\router.ts
FN:22,(anonymous_0)
FN:35,(anonymous_1)
FNF:2
FNH:2
FNDA:4,(anonymous_0)
FNDA:5,(anonymous_1)
DA:6,2
DA:8,2
DA:10,2
DA:16,2
DA:22,4
DA:28,2
DA:35,5
DA:43,2
DA:48,2
LF:9
LH:9
BRF:0
BRH:0
end_of_record
TN:
SF:src\server.ts
FN:7,connectDB
FN:26,(anonymous_1)
FNF:2
FNH:2
FNDA:3,connectDB
FNDA:1,(anonymous_1)
DA:8,3
DA:9,3
DA:10,2
DA:11,2
DA:13,1
DA:16,2
DA:19,2
DA:22,2
DA:24,2
DA:26,2
DA:27,1
LF:11
LH:11
BRF:0
BRH:0
end_of_record
TN:
SF:src\config\db.ts
FNF:0
FNH:0
DA:3,2
DA:5,2
LF:2
LH:2
BRF:0
BRH:0
end_of_record
TN:
SF:src\handlers\product.ts
FN:4,(anonymous_0)
FN:16,(anonymous_1)
FN:29,(anonymous_2)
FN:34,(anonymous_3)
FN:51,(anonymous_4)
FN:67,(anonymous_5)
FNF:6
FNH:6
FNDA:2,(anonymous_0)
FNDA:2,(anonymous_1)
FNDA:1,(anonymous_2)
FNDA:2,(anonymous_3)
FNDA:2,(anonymous_4)
FNDA:2,(anonymous_5)
DA:4,2
DA:5,2
DA:13,2
DA:16,2
DA:17,2
DA:18,2
DA:20,2
DA:21,1
DA:26,1
DA:29,2
DA:30,1
DA:31,1
DA:34,2
DA:35,2
DA:36,2
DA:38,2
DA:39,1
DA:45,1
DA:46,1
DA:48,1
DA:51,2
DA:52,2
DA:53,2
DA:55,2
DA:56,1
DA:62,1
DA:63,1
DA:64,1
DA:67,2
DA:68,2
DA:69,2
DA:71,2
DA:72,1
DA:77,1
DA:78,1
LF:35
LH:35
BRDA:20,0,0,1
BRDA:20,0,1,1
BRDA:38,1,0,1
BRDA:38,1,1,1
BRDA:55,2,0,1
BRDA:55,2,1,1
BRDA:71,3,0,1
BRDA:71,3,1,1
BRF:8
BRH:8
end_of_record
TN:
SF:src\middleware\index.ts
FN:4,(anonymous_0)
FNF:1
FNH:1
FNDA:17,(anonymous_0)
DA:4,2
DA:5,17
DA:6,17
DA:7,8
DA:9,9
LF:5
LH:5
BRDA:6,0,0,8
BRDA:6,0,1,9
BRF:2
BRH:2
end_of_record
TN:
SF:src\models\Product.model.ts
FNF:0
FNH:0
LF:0
LH:0
BRF:0
BRH:0
end_of_record
